{"meta": {"version": "7.2.5", "timestamp": "2023-12-12T14:13:32.935021", "branch_coverage": true, "show_contexts": false}, "files": {"tdb/__init__.py": {"executed_lines": [1, 5, 14, 25], "summary": {"covered_lines": 3, "num_statements": 3, "percent_covered": 100.0, "percent_covered_display": "100", "missing_lines": 0, "excluded_lines": 0, "num_branches": 0, "num_partial_branches": 0, "covered_branches": 0, "missing_branches": 0}, "missing_lines": [], "excluded_lines": [], "executed_branches": [], "missing_branches": []}, "tdb/__main__.py": {"executed_lines": [2, 5, 7, 8, 9, 10, 12, 20, 21, 27, 31, 34, 36, 39, 41, 43, 44], "summary": {"covered_lines": 17, "num_statements": 17, "percent_covered": 95.23809523809524, "percent_covered_display": "95", "missing_lines": 0, "excluded_lines": 0, "num_branches": 4, "num_partial_branches": 1, "covered_branches": 3, "missing_branches": 1}, "missing_lines": [], "excluded_lines": [], "executed_branches": [[20, -20], [20, 20], [20, 21], [43, 44]], "missing_branches": [[43, -2]]}, "tdb/append.py": {"executed_lines": [1, 4, 5, 6, 7, 8, 10, 12, 16, 17, 18, 19, 20, 21, 22, 23, 24, 25, 26, 27, 28, 29, 30, 32, 36, 40, 42, 44, 45, 47, 48, 49, 51, 52, 53, 54, 55], "summary": {"covered_lines": 36, "num_statements": 36, "percent_covered": 100.0, "percent_covered_display": "100", "missing_lines": 0, "excluded_lines": 0, "num_branches": 10, "num_partial_branches": 0, "covered_branches": 10, "missing_branches": 0}, "missing_lines": [], "excluded_lines": [], "executed_branches": [[17, 18], [17, 20], [20, 21], [20, 23], [23, 24], [23, 26], [26, 27], [26, 30], [47, 48], [47, 51]], "missing_branches": []}, "tdb/create.py": {"executed_lines": [1, 4, 5, 6, 7, 9, 10, 12, 14, 18, 19, 21, 23, 27, 29, 30, 31, 32, 33, 34, 35, 36, 37, 38, 39, 40, 41, 42, 43, 45, 46, 47, 48, 49, 50, 51, 52, 54, 58, 60, 62, 64, 66, 67, 68, 69, 71, 72, 73, 74, 75, 77, 78, 79], "summary": {"covered_lines": 53, "num_statements": 53, "percent_covered": 100.0, "percent_covered_display": "100", "missing_lines": 0, "excluded_lines": 0, "num_branches": 20, "num_partial_branches": 0, "covered_branches": 20, "missing_branches": 0}, "missing_lines": [], "excluded_lines": [], "executed_branches": [[18, 19], [18, 21], [29, 30], [29, 32], [32, 33], [32, 35], [36, 37], [36, 52], [37, 38], [37, 40], [40, 41], [40, 45], [46, 47], [46, 51], [47, 48], [47, 50], [67, 68], [67, 71], [72, 73], [72, 77]], "missing_branches": []}, "tdb/dbutils.py": {"executed_lines": [1, 4, 5, 6, 8, 9, 10, 11, 12, 13, 16, 20, 21, 22, 23, 26, 30, 31, 32, 33, 34, 36, 39, 58, 68, 69, 70, 71, 76, 79, 80, 81, 82, 84, 87, 91, 95, 105, 106, 112, 118, 119, 120, 121, 122, 123, 126, 133, 134, 135, 136, 137, 138, 139, 140, 141, 142, 143, 144, 147, 151, 158, 159, 160, 161, 164, 165, 168, 171, 176, 177, 179, 181, 183, 185, 187, 191, 194, 197, 198, 201, 205, 208, 209, 210, 212, 214, 215, 217, 219, 220, 221, 222, 224, 225, 226, 227, 228, 229, 230, 231, 232, 233, 236, 240, 241, 242, 245, 247, 249, 252, 253, 255, 258, 262, 264, 266, 267, 269, 270, 271, 276, 277, 282, 285, 288, 292, 293, 295, 296, 303, 304, 307, 311, 312, 313, 314, 316, 317, 319, 321, 323, 324, 326, 328], "summary": {"covered_lines": 144, "num_statements": 154, "percent_covered": 91.01123595505618, "percent_covered_display": "91", "missing_lines": 10, "excluded_lines": 0, "num_branches": 24, "num_partial_branches": 2, "covered_branches": 18, "missing_branches": 6}, "missing_lines": [62, 63, 64, 65, 66, 67, 72, 73, 74, 206], "excluded_lines": [], "executed_branches": [[21, 22], [21, 23], [71, 76], [81, 82], [81, 84], [118, 119], [118, 120], [133, -112], [133, 134], [138, 139], [138, 141], [205, 208], [228, 229], [228, 231], [266, 267], [266, 269], [295, 296], [295, 304]], "missing_branches": [[62, 63], [62, 64], [64, 65], [64, 66], [71, 72], [205, 206]]}, "tdb/deid.py": {"executed_lines": [1, 4, 5, 6, 7, 8, 9, 10, 11, 12, 13, 15, 19, 20, 21, 22, 23, 24, 25, 26, 27, 28, 29, 30, 31, 32, 34, 38, 42, 44, 46, 48, 50, 51, 53, 54, 55, 57, 58, 59, 60, 61, 63, 64, 65, 66, 67, 68, 69, 70, 71, 73, 81, 83, 84, 85, 88, 89, 90, 91, 92, 93, 94, 95, 96, 97, 99, 100, 101, 102, 103, 104, 105, 106, 107, 108, 110], "summary": {"covered_lines": 76, "num_statements": 77, "percent_covered": 97.97979797979798, "percent_covered_display": "98", "missing_lines": 1, "excluded_lines": 0, "num_branches": 22, "num_partial_branches": 1, "covered_branches": 21, "missing_branches": 1}, "missing_lines": [87], "excluded_lines": [], "executed_branches": [[20, 21], [20, 23], [23, 24], [23, 26], [26, 27], [26, 29], [29, 30], [29, 32], [53, 54], [53, 57], [64, 65], [64, 66], [81, 83], [81, 110], [83, 84], [91, 92], [91, 94], [95, 96], [95, 110], [102, 103], [102, 105]], "missing_branches": [[83, 87]]}, "tdb/jaccard.py": {"executed_lines": [1, 4, 5, 7, 11, 12, 13, 15, 19, 21, 22, 24, 25, 27, 30, 32, 39, 44, 45, 46, 47, 48, 49, 50, 51, 52, 53, 55], "summary": {"covered_lines": 27, "num_statements": 29, "percent_covered": 92.6829268292683, "percent_covered_display": "93", "missing_lines": 2, "excluded_lines": 0, "num_branches": 12, "num_partial_branches": 1, "covered_branches": 11, "missing_branches": 1}, "missing_lines": [28, 36], "excluded_lines": [], "executed_branches": [[11, -11], [11, 11], [11, 12], [12, -12], [12, 12], [12, 13], [27, 30], [44, -44], [44, 44], [44, 45], [47, 48], [47, 55], [49, 50], [49, 51]], "missing_branches": [[27, 28]]}, "tdb/query.py": {"executed_lines": [1, 4, 5, 6, 8, 9, 10, 11, 14, 20, 21, 22, 23, 24, 25, 27, 28, 32, 33, 34, 35, 36, 37, 41, 42, 47, 48, 52, 53, 54, 55, 56, 57, 58, 59, 64, 65, 70, 73, 74, 75, 76, 78, 82, 83, 84, 86, 90, 91, 93, 94, 96, 97, 101, 105, 106, 107, 108, 109, 110, 115, 119, 120, 122, 124, 125, 129, 130, 131, 132, 133, 134, 136, 137, 138, 139, 141, 142, 146, 147, 148, 154, 155, 157, 158, 162, 163, 164, 168, 169, 171, 191, 192, 196, 198, 199, 200, 201, 202, 203, 204, 205, 206, 207, 209, 210, 211, 218, 220, 231, 233, 237, 239, 241, 243, 245, 247, 249, 251, 255, 257, 258, 259, 260, 261, 262, 263, 264], "summary": {"covered_lines": 127, "num_statements": 142, "percent_covered": 88.20224719101124, "percent_covered_display": "88", "missing_lines": 15, "excluded_lines": 0, "num_branches": 36, "num_partial_branches": 4, "covered_branches": 30, "missing_branches": 6}, "missing_lines": [175, 176, 177, 178, 179, 180, 182, 183, 184, 185, 187, 188, 189, 252, 253], "excluded_lines": [], "executed_branches": [[21, 22], [21, 23], [33, 34], [35, -35], [35, 35], [35, 36], [53, 54], [55, -55], [55, 55], [55, 56], [106, 107], [106, 115], [132, 133], [132, 138], [134, -134], [134, 134], [134, 136], [148, -148], [148, 148], [148, 154], [164, -164], [164, 164], [164, 168], [210, 211], [210, 218], [231, -231], [231, 231], [231, 233], [251, 255], [257, 258], [257, 259], [259, 260], [259, 261], [261, 262], [261, 263], [263, 264]], "missing_branches": [[33, 35], [53, 55], [187, 188], [187, 189], [251, 252], [263, -233]]}}, "totals": {"covered_lines": 483, "num_statements": 511, "percent_covered": 93.27073552425665, "percent_covered_display": "93", "missing_lines": 28, "excluded_lines": 0, "num_branches": 128, "num_partial_branches": 9, "covered_branches": 113, "missing_branches": 15}}